<?xml version="1.0" encoding="UTF-8"?>
<robot generator="Robot 4.1.1 (Python 3.7.5 on win32)" generated="20211003 11:53:56.955" rpa="true" schemaversion="2">
<suite id="s1" name="Tasks" source="e:\RoboCorp\orderrobot\RoboCorp\orderrobot\tasks.robot">
<test id="s1-t1" name="Minimal task">
<kw name="Log" library="BuiltIn">
<arg>Done.</arg>
<doc>Logs the given message with the given level.</doc>
<msg timestamp="20211003 11:53:58.410" level="INFO">Done.</msg>
<status status="PASS" starttime="20211003 11:53:58.410" endtime="20211003 11:53:58.410"/>
</kw>
<status status="PASS" starttime="20211003 11:53:58.409" endtime="20211003 11:53:58.410"/>
</test>
<test id="s1-t2" name="Order robots from RobotSpareBin Industries Inc">
<kw name="Open the robot order website">
<kw name="Open Available Browser" library="RPA.Browser.Selenium">
<arg>${site_url}</arg>
<doc>Attempts to open a browser on the user's device from a set of
supported browsers. Automatically downloads a corresponding webdriver
if none is already installed.</doc>
<msg timestamp="20211003 11:53:58.411" level="INFO">Creating an instance of the Chrome WebDriver.</msg>
<msg timestamp="20211003 11:53:58.424" level="INFO">Created download root directory: C:\Users\dungl\AppData\Local\robocorp\webdrivers</msg>
<msg timestamp="20211003 11:53:58.424" level="INFO">Created symlink directory: C:\Users\dungl\AppData\Local\robocorp\webdrivers</msg>
<msg timestamp="20211003 11:53:58.425" level="INFO">Creating an instance of the Chrome WebDriver.</msg>
<msg timestamp="20211003 11:54:00.126" level="INFO">Created Chrome browser with arguments: --disable-dev-shm-usage --disable-web-security --allow-running-insecure-content --no-sandbox</msg>
<msg timestamp="20211003 11:54:00.126" level="INFO" html="true">&lt;p&gt;Attempted combinations:&lt;/p&gt;&lt;div class="doc"&gt;&lt;table&gt;&lt;tr&gt;&lt;th&gt;Browser&lt;/th&gt;&lt;th&gt;Download&lt;/th&gt;&lt;th&gt;Error&lt;/th&gt;&lt;/tr&gt;&lt;tr&gt;&lt;td&gt;Chrome&lt;/td&gt;&lt;td&gt;False&lt;/td&gt;&lt;td&gt;Message: 'chromedriver' executable needs to be in PATH. Please see https://sites.google.com/a/chromium.org/chromedriver/home
&lt;/td&gt;&lt;/tr&gt;&lt;tr&gt;&lt;td&gt;Chrome&lt;/td&gt;&lt;td&gt;True&lt;/td&gt;&lt;td&gt;&lt;/td&gt;&lt;/tr&gt;&lt;/table&gt;&lt;/div&gt;</msg>
<msg timestamp="20211003 11:54:00.126" level="INFO">Opening url 'https://robotsparebinindustries.com/#/robot-order'</msg>
<status status="PASS" starttime="20211003 11:53:58.411" endtime="20211003 11:54:00.938"/>
</kw>
<status status="PASS" starttime="20211003 11:53:58.411" endtime="20211003 11:54:00.938"/>
</kw>
<kw name="Read Credential">
<kw name="Get Secret" library="RPA.Robocorp.Vault">
<var>${secret}</var>
<arg>credentials_test</arg>
<doc>Read a secret from the configured source, e.g. Robocorp Vault,
and return it as a ``Secret`` object.</doc>
<msg timestamp="20211003 11:54:00.939" level="INFO">Protecting keyword: RPA.Robocorp.Vault.Get Secret</msg>
<msg timestamp="20211003 11:54:00.941" level="INFO">Log level changed from NONE to INFO.</msg>
<status status="FAIL" starttime="20211003 11:54:00.939" endtime="20211003 11:54:00.941"/>
</kw>
<kw name="Log" library="BuiltIn">
<arg>You are using ${scret}[username]</arg>
<doc>Logs the given message with the given level.</doc>
<status status="NOT RUN" starttime="20211003 11:54:00.942" endtime="20211003 11:54:00.942"/>
</kw>
<status status="FAIL" starttime="20211003 11:54:00.939" endtime="20211003 11:54:00.942"/>
</kw>
<kw name="Collect Excel File From User">
<status status="NOT RUN" starttime="20211003 11:54:00.943" endtime="20211003 11:54:00.943"/>
</kw>
<kw name="Get orders">
<var>${orders}</var>
<status status="NOT RUN" starttime="20211003 11:54:00.943" endtime="20211003 11:54:00.943"/>
</kw>
<for flavor="IN">
<var>${row}</var>
<value>@{orders}</value>
<iter>
<var name="${row}">${row}</var>
<kw name="Close the annoying modal">
<status status="NOT RUN" starttime="20211003 11:54:00.943" endtime="20211003 11:54:00.943"/>
</kw>
<kw name="Fill the form">
<arg>${row}</arg>
<status status="NOT RUN" starttime="20211003 11:54:00.944" endtime="20211003 11:54:00.944"/>
</kw>
<kw name="Preview the robot">
<status status="NOT RUN" starttime="20211003 11:54:00.944" endtime="20211003 11:54:00.944"/>
</kw>
<kw name="Wait Until Keyword Succeeds" library="BuiltIn">
<arg>${GLOBAL_RETRY_AMOUNT}</arg>
<arg>${GLOBAL_RETRY_INTERVAL}</arg>
<arg>Submit the order</arg>
<doc>Runs the specified keyword and retries if it fails.</doc>
<status status="NOT RUN" starttime="20211003 11:54:00.944" endtime="20211003 11:54:00.944"/>
</kw>
<kw name="Store the receipt as a PDF file">
<var>${pdf}</var>
<arg>${row}[Order number]</arg>
<status status="NOT RUN" starttime="20211003 11:54:00.944" endtime="20211003 11:54:00.944"/>
</kw>
<kw name="Take a screenshot of the robot">
<var>${screenshot}</var>
<arg>${row}[Order number]</arg>
<status status="NOT RUN" starttime="20211003 11:54:00.945" endtime="20211003 11:54:00.945"/>
</kw>
<kw name="Embed the robot screenshot to the receipt PDF file">
<arg>${screenshot}</arg>
<arg>${pdf}</arg>
<status status="NOT RUN" starttime="20211003 11:54:00.945" endtime="20211003 11:54:00.945"/>
</kw>
<kw name="Go to order another robot">
<status status="NOT RUN" starttime="20211003 11:54:00.945" endtime="20211003 11:54:00.945"/>
</kw>
<status status="NOT RUN" starttime="20211003 11:54:00.943" endtime="20211003 11:54:00.945"/>
</iter>
<status status="NOT RUN" starttime="20211003 11:54:00.943" endtime="20211003 11:54:00.945"/>
</for>
<kw name="Create a ZIP file of the receipts">
<status status="NOT RUN" starttime="20211003 11:54:00.945" endtime="20211003 11:54:00.945"/>
</kw>
<status status="FAIL" starttime="20211003 11:53:58.411" endtime="20211003 11:54:00.946">KeyError: 'Missing required environment variable: RC_API_SECRET_HOST'</status>
</test>
<kw name="Close All Browsers" library="RPA.Browser.Selenium" type="TEARDOWN">
<doc>Closes all open browsers and resets the browser cache.</doc>
<status status="PASS" starttime="20211003 11:54:00.947" endtime="20211003 11:54:03.042"/>
</kw>
<doc>Orders robots from RobotSpareBin Industries Inc.
Saves the order HTML receipt as a PDF file.
Saves the screenshot of the ordered robot.
Embeds the screenshot of the robot to the PDF receipt.
Creates ZIP archive of the receipts and the images.</doc>
<status status="FAIL" starttime="20211003 11:53:56.957" endtime="20211003 11:54:03.042"/>
</suite>
<statistics>
<total>
<stat pass="1" fail="1" skip="0">All Tasks</stat>
</total>
<tag>
</tag>
<suite>
<stat pass="1" fail="1" skip="0" id="s1" name="Tasks">Tasks</stat>
</suite>
</statistics>
<errors>
</errors>
</robot>
