<?xml version="1.0" encoding="UTF-8"?>
<robot generator="Robot 4.1.1 (Python 3.7.5 on win32)" generated="20210929 10:25:33.061" rpa="true" schemaversion="2">
<suite id="s1" name="Tasks" source="C:\ProgramData\Temp\rca1c80e\AppData\Local\Temp\39_522984_331565799_1\workarea6153dc35\tasks.robot">
<test id="s1-t1" name="Minimal task">
<kw name="Log" library="BuiltIn">
<arg>Done.</arg>
<doc>Logs the given message with the given level.</doc>
<msg timestamp="20210929 10:25:33.095" level="INFO">Done.</msg>
<status status="PASS" starttime="20210929 10:25:33.095" endtime="20210929 10:25:33.095"/>
</kw>
<status status="PASS" starttime="20210929 10:25:33.094" endtime="20210929 10:25:33.095"/>
</test>
<doc>Template robot main suite.</doc>
<status status="PASS" starttime="20210929 10:25:33.062" endtime="20210929 10:25:33.096"/>
</suite>
<statistics>
<total>
<stat pass="1" fail="0" skip="0">All Tasks</stat>
</total>
<tag>
</tag>
<suite>
<stat pass="1" fail="0" skip="0" id="s1" name="Tasks">Tasks</stat>
</suite>
</statistics>
<errors>
</errors>
</robot>
